<?xml version="1.0" encoding="UTF-8"?>
<!-- Generated by org.testng.reporters.JUnitXMLReporter -->
<testsuite ignored="0" hostname="Gurpreet" failures="2" tests="3" name="Test" time="11.848" errors="0" timestamp="2025-02-08T00:41:43 IST">
  <testcase classname="day4.ornagehrmm" name="testlogo" time="1.326">
    <failure type="java.lang.AssertionError" message="expected:&amp;lt;false&amp;gt; but was:&amp;lt;true&amp;gt;">
      <![CDATA[java.lang.AssertionError: expected:<false> but was:<true>
at day4.ornagehrmm.testlogo(ornagehrmm.java:29)
at java.base/java.util.ArrayList.forEach(ArrayList.java:1597)
... Removed 30 stack frames]]>
    </failure>
  </testcase> <!-- testlogo -->
  <testcase classname="day4.ornagehrmm" name="testurl" time="0.036">
    <failure type="java.lang.AssertionError" message="expected:&amp;lt;https://opensource-demo.orangehrmlive.com/web/index.php/auth/login&amp;gt; but was:&amp;lt;https://opensource-demo.orangehrmlive.com/web/index.php/auth/logi&amp;gt;">
      <![CDATA[java.lang.AssertionError: expected:<https://opensource-demo.orangehrmlive.com/web/index.php/auth/login> but was:<https://opensource-demo.orangehrmlive.com/web/index.php/auth/logi>
at day4.ornagehrmm.testurl(ornagehrmm.java:36)
at java.base/java.util.ArrayList.forEach(ArrayList.java:1597)
... Removed 27 stack frames]]>
    </failure>
  </testcase> <!-- testurl -->
  <testcase classname="day4.ornagehrmm" name="testtitle" time="0.0">
    <skipped/>
  </testcase> <!-- testtitle -->
</testsuite> <!-- Test -->
